<?xml version="1.0" encoding="UTF-8"?>
<testng-results ignored="0" total="1" passed="0" failed="1" skipped="0">
  <reporter-output>
  </reporter-output>
  <suite started-at="2024-06-14T20:52:10 IST" name="Default suite" finished-at="2024-06-14T20:52:10 IST" duration-ms="161">
    <groups>
    </groups>
    <test started-at="2024-06-14T20:52:10 IST" name="Default test" finished-at="2024-06-14T20:52:10 IST" duration-ms="161">
      <class name="com.test.TestCases">
        <test-method signature="verifyLastFieldsNameUsingKeywordFramework()[pri:0, instance:com.test.TestCases@52b1beb6]" started-at="2024-06-14T20:52:10 IST" name="verifyLastFieldsNameUsingKeywordFramework" finished-at="2024-06-14T20:52:10 IST" duration-ms="29" status="FAIL">
          <exception class="com.CustomizeErrorExc.BrowserError">
            <message>
              <![CDATA[invalid browser name]]>
            </message>
            <full-stacktrace>
              <![CDATA[com.CustomizeErrorExc.BrowserError: invalid browser name
at com.keyword.Keyword.openBrowser(Keyword.java:23)
at com.test.TestCases.verifyLastFieldsNameUsingKeywordFramework(TestCases.java:41)
at java.base/jdk.internal.reflect.NativeMethodAccessorImpl.invoke0(Native Method)
at java.base/jdk.internal.reflect.NativeMethodAccessorImpl.invoke(NativeMethodAccessorImpl.java:77)
at java.base/jdk.internal.reflect.DelegatingMethodAccessorImpl.invoke(DelegatingMethodAccessorImpl.java:43)
at java.base/java.lang.reflect.Method.invoke(Method.java:568)
at org.testng.internal.invokers.MethodInvocationHelper.invokeMethod(MethodInvocationHelper.java:139)
at org.testng.internal.invokers.TestInvoker.invokeMethod(TestInvoker.java:664)
at org.testng.internal.invokers.TestInvoker.invokeTestMethod(TestInvoker.java:228)
at org.testng.internal.invokers.MethodRunner.runInSequence(MethodRunner.java:63)
at org.testng.internal.invokers.TestInvoker$MethodInvocationAgent.invoke(TestInvoker.java:961)
at org.testng.internal.invokers.TestInvoker.invokeTestMethods(TestInvoker.java:201)
at org.testng.internal.invokers.TestMethodWorker.invokeTestMethods(TestMethodWorker.java:148)
at org.testng.internal.invokers.TestMethodWorker.run(TestMethodWorker.java:128)
at java.base/java.util.ArrayList.forEach(ArrayList.java:1511)
at org.testng.TestRunner.privateRun(TestRunner.java:819)
at org.testng.TestRunner.run(TestRunner.java:619)
at org.testng.SuiteRunner.runTest(SuiteRunner.java:443)
at org.testng.SuiteRunner.runSequentially(SuiteRunner.java:437)
at org.testng.SuiteRunner.privateRun(SuiteRunner.java:397)
at org.testng.SuiteRunner.run(SuiteRunner.java:336)
at org.testng.SuiteRunnerWorker.runSuite(SuiteRunnerWorker.java:52)
at org.testng.SuiteRunnerWorker.run(SuiteRunnerWorker.java:95)
at org.testng.TestNG.runSuitesSequentially(TestNG.java:1301)
at org.testng.TestNG.runSuitesLocally(TestNG.java:1228)
at org.testng.TestNG.runSuites(TestNG.java:1134)
at org.testng.TestNG.run(TestNG.java:1101)
at org.testng.remote.AbstractRemoteTestNG.run(AbstractRemoteTestNG.java:115)
at org.testng.remote.RemoteTestNG.initAndRun(RemoteTestNG.java:251)
at org.testng.remote.RemoteTestNG.main(RemoteTestNG.java:77)
]]>
            </full-stacktrace>
          </exception> <!-- com.CustomizeErrorExc.BrowserError -->
          <reporter-output>
          </reporter-output>
        </test-method> <!-- verifyLastFieldsNameUsingKeywordFramework -->
      </class> <!-- com.test.TestCases -->
    </test> <!-- Default test -->
  </suite> <!-- Default suite -->
</testng-results>
